Sat Oct 17 01:14:14 UTC 2020: 
 sudoku.c | 11 +++++++++++
 1 file changed, 11 insertions(+)
In file included from test.c:5:0:
sudoku.c: In function ‘DFS’:
sudoku.c:63:4: error: unknown type name ‘stack’; did you mean ‘Stack’?
    stack *S = createStack
    ^~~~~
    Stack
sudoku.c:63:15: error: initialization from incompatible pointer type [-Werror=incompatible-pointer-types]
    stack *S = createStack
               ^~~~~~~~~~~
sudoku.c:64:4: error: expected ‘,’ or ‘;’ before ‘push’
    push(S,n);
    ^~~~
sudoku.c:66:11: error: implicit declaration of function ‘size’ [-Werror=implicit-function-declaration]
    while (size(S != 0){
           ^~~~
sudoku.c:66:23: error: expected ‘)’ before ‘{’ token
    while (size(S != 0){
                       ^
sudoku.c:66:4: error: this ‘while’ clause does not guard... [-Werror=misleading-indentation]
    while (size(S != 0){
    ^~~~~
test.c:262:0: note: ...this statement, but the latter is misleadingly indented as if it were guarded by the ‘while’
 }
 
test.c:262:1: error: expected declaration or statement at end of input
 }
 ^
test.c:262:1: error: no return statement in function returning non-void [-Werror=return-type]
test.c: In function ‘DFS’:
test.c:262:1: error: expected declaration or statement at end of input
test.c:262:1: error: control reaches end of non-void function [-Werror=return-type]
 }
 ^
In file included from test.c:5:0:
At top level:
sudoku.c:62:9: error: ‘DFS’ defined but not used [-Werror=unused-function]
   Node* DFS(Node* n, int* cont){
         ^~~
cc1: all warnings being treated as errors
Compilation failed
Sat Oct 17 01:14:32 UTC 2020: 
 sudoku.c | 10 ++++++++++
 1 file changed, 10 insertions(+)
In file included from test.c:5:0:
sudoku.c: In function ‘DFS’:
sudoku.c:62:4: error: unknown type name ‘stack’; did you mean ‘Stack’?
    stack *S = createStack
    ^~~~~
    Stack
sudoku.c:62:15: error: initialization from incompatible pointer type [-Werror=incompatible-pointer-types]
    stack *S = createStack
               ^~~~~~~~~~~
sudoku.c:63:4: error: expected ‘,’ or ‘;’ before ‘push’
    push(S,n);
    ^~~~
sudoku.c:65:11: error: implicit declaration of function ‘size’ [-Werror=implicit-function-declaration]
    while (size(S != 0){
           ^~~~
sudoku.c:65:23: error: expected ‘)’ before ‘{’ token
    while (size(S != 0){
                       ^
sudoku.c:65:4: error: this ‘while’ clause does not guard... [-Werror=misleading-indentation]
    while (size(S != 0){
    ^~~~~
test.c:262:0: note: ...this statement, but the latter is misleadingly indented as if it were guarded by the ‘while’
 }
 
test.c:262:1: error: expected declaration or statement at end of input
 }
 ^
test.c:262:1: error: control reaches end of non-void function [-Werror=return-type]
 }
 ^
cc1: all warnings being treated as errors
Compilation failed
Sat Oct 17 01:14:43 UTC 2020: 
 sudoku.c | 10 ++++++++++
 1 file changed, 10 insertions(+)
In file included from test.c:5:0:
sudoku.c: In function ‘DFS’:
sudoku.c:62:15: error: initialization from incompatible pointer type [-Werror=incompatible-pointer-types]
    Stack *S = createStack
               ^~~~~~~~~~~
sudoku.c:63:4: error: expected ‘,’ or ‘;’ before ‘push’
    push(S,n);
    ^~~~
sudoku.c:65:11: error: implicit declaration of function ‘size’ [-Werror=implicit-function-declaration]
    while (size(S != 0){
           ^~~~
sudoku.c:65:23: error: expected ‘)’ before ‘{’ token
    while (size(S != 0){
                       ^
sudoku.c:65:4: error: this ‘while’ clause does not guard... [-Werror=misleading-indentation]
    while (size(S != 0){
    ^~~~~
test.c:262:0: note: ...this statement, but the latter is misleadingly indented as if it were guarded by the ‘while’
 }
 
test.c:262:1: error: expected declaration or statement at end of input
 }
 ^
test.c:262:1: error: control reaches end of non-void function [-Werror=return-type]
 }
 ^
cc1: all warnings being treated as errors
Compilation failed
Sat Oct 17 01:18:04 UTC 2020: 
 sudoku.c | 12 +++++++++++-
 1 file changed, 11 insertions(+), 1 deletion(-)
In file included from test.c:5:0:
sudoku.c: In function ‘DFS’:
sudoku.c:65:11: error: implicit declaration of function ‘size’ [-Werror=implicit-function-declaration]
    while (size(S != 0){
           ^~~~
sudoku.c:65:23: error: expected ‘)’ before ‘{’ token
    while (size(S != 0){
                       ^
sudoku.c:65:4: error: this ‘while’ clause does not guard... [-Werror=misleading-indentation]
    while (size(S != 0){
    ^~~~~
test.c:262:0: note: ...this statement, but the latter is misleadingly indented as if it were guarded by the ‘while’
 }
 
test.c:262:1: error: expected declaration or statement at end of input
 }
 ^
test.c:262:1: error: control reaches end of non-void function [-Werror=return-type]
 }
 ^
cc1: all warnings being treated as errors
Compilation failed
Sat Oct 17 01:18:41 UTC 2020: 
 sudoku.c | 12 +++++++++++-
 1 file changed, 11 insertions(+), 1 deletion(-)
In file included from test.c:5:0:
sudoku.c: In function ‘DFS’:
sudoku.c:65:11: error: implicit declaration of function ‘size’ [-Werror=implicit-function-declaration]
    while (size(S) != 0){
           ^~~~
sudoku.c:66:7: error: unknown type name ‘node’; did you mean ‘Node’?
       node * n= pop(S); // es al reves
       ^~~~
       Node
sudoku.c:66:17: error: void value not ignored as it ought to be
       node * n= pop(S); // es al reves
                 ^~~
sudoku.c:68:7: error: expected ‘;’ before ‘if’
       if (n.finalS == true) return n;
       ^~
sudoku.c:70:14: error: implicit declaration of function ‘get_adj_node’; did you mean ‘get_adj_nodes’? [-Werror=implicit-function-declaration]
 List * adj = get_adj_node(n);
              ^~~~~~~~~~~~
              get_adj_nodes
sudoku.c:70:14: error: initialization makes pointer from integer without a cast [-Werror=int-conversion]
sudoku.c:70:8: error: unused variable ‘adj’ [-Werror=unused-variable]
 List * adj = get_adj_node(n);
        ^~~
test.c:245:5: error: ‘main’ is normally a non-static function [-Werror=main]
 int main( int argc, char *argv[] ) {
     ^~~~
test.c:262:1: error: expected declaration or statement at end of input
 }
 ^
test.c:262:1: error: control reaches end of non-void function [-Werror=return-type]
 }
 ^
At top level:
test.c:245:5: error: ‘main’ defined but not used [-Werror=unused-function]
 int main( int argc, char *argv[] ) {
     ^~~~
test.c:7:8: error: ‘_strdup’ defined but not used [-Werror=unused-function]
 char * _strdup(const char * str) {
        ^~~~~~~
cc1: all warnings being treated as errors
Compilation failed
Sat Oct 17 01:22:52 UTC 2020: 
 sudoku.c | 16 +++++++++++++---
 1 file changed, 13 insertions(+), 3 deletions(-)
In file included from test.c:5:0:
sudoku.c: In function ‘DFS’:
sudoku.c:65:11: error: implicit declaration of function ‘size’ [-Werror=implicit-function-declaration]
    while (size(S) != 0){
           ^~~~
sudoku.c:66:7: error: unknown type name ‘node’; did you mean ‘Node’?
       node * n= pop(S); // es al reves
       ^~~~
       Node
sudoku.c:66:17: error: void value not ignored as it ought to be
       node * n= pop(S); // es al reves
                 ^~~
sudoku.c:68:7: error: expected ‘;’ before ‘if’
       if (n.finalS == true) return n;
       ^~
sudoku.c:70:14: error: implicit declaration of function ‘get_adj_node’; did you mean ‘get_adj_nodes’? [-Werror=implicit-function-declaration]
 List * adj = get_adj_node(n);
              ^~~~~~~~~~~~
              get_adj_nodes
sudoku.c:70:14: error: initialization makes pointer from integer without a cast [-Werror=int-conversion]
sudoku.c:70:8: error: unused variable ‘adj’ [-Werror=unused-variable]
 List * adj = get_adj_node(n);
        ^~~
sudoku.c:78:5: error: ‘main’ is normally a non-static function [-Werror=main]
 int main( int argc, char *argv[] ){
     ^~~~
test.c:245:5: error: ‘main’ is normally a non-static function [-Werror=main]
 int main( int argc, char *argv[] ) {
     ^~~~
test.c:245:5: error: redefinition of ‘main’
In file included from test.c:5:0:
sudoku.c:78:5: note: previous definition of ‘main’ was here
 int main( int argc, char *argv[] ){
     ^~~~
test.c:262:1: error: expected declaration or statement at end of input
 }
 ^
test.c:262:1: error: control reaches end of non-void function [-Werror=return-type]
 }
 ^
At top level:
test.c:245:5: error: ‘main’ defined but not used [-Werror=unused-function]
 int main( int argc, char *argv[] ) {
     ^~~~
test.c:7:8: error: ‘_strdup’ defined but not used [-Werror=unused-function]
 char * _strdup(const char * str) {
        ^~~~~~~
In file included from test.c:5:0:
sudoku.c:78:5: error: ‘main’ defined but not used [-Werror=unused-function]
 int main( int argc, char *argv[] ){
     ^~~~
cc1: all warnings being treated as errors
Compilation failed
Sat Oct 17 20:04:39 UTC 2020: 
 sudoku.c | 17 ++++++++++++++---
 1 file changed, 14 insertions(+), 3 deletions(-)
In file included from test.c:5:0:
sudoku.c: In function ‘DFS’:
sudoku.c:65:11: error: implicit declaration of function ‘size’ [-Werror=implicit-function-declaration]
    while (size(S) != 0){
           ^~~~
sudoku.c:67:17: error: void value not ignored as it ought to be
       Node * n= pop(S); // es al reves
                 ^~~
sudoku.c:69:7: error: expected ‘;’ before ‘if’
       if (n.finalS == true) return n;
       ^~
sudoku.c:71:8: error: unused variable ‘adj’ [-Werror=unused-variable]
 List * adj = get_adj_nodes(n);
        ^~~
sudoku.c:79:5: error: ‘main’ is normally a non-static function [-Werror=main]
 int main( int argc, char *argv[] ){
     ^~~~
test.c:245:5: error: ‘main’ is normally a non-static function [-Werror=main]
 int main( int argc, char *argv[] ) {
     ^~~~
test.c:245:5: error: redefinition of ‘main’
In file included from test.c:5:0:
sudoku.c:79:5: note: previous definition of ‘main’ was here
 int main( int argc, char *argv[] ){
     ^~~~
test.c:262:1: error: expected declaration or statement at end of input
 }
 ^
test.c:262:1: error: control reaches end of non-void function [-Werror=return-type]
 }
 ^
At top level:
test.c:245:5: error: ‘main’ defined but not used [-Werror=unused-function]
 int main( int argc, char *argv[] ) {
     ^~~~
test.c:7:8: error: ‘_strdup’ defined but not used [-Werror=unused-function]
 char * _strdup(const char * str) {
        ^~~~~~~
In file included from test.c:5:0:
sudoku.c:79:5: error: ‘main’ defined but not used [-Werror=unused-function]
 int main( int argc, char *argv[] ){
     ^~~~
cc1: all warnings being treated as errors
Compilation failed
Sat Oct 17 20:04:58 UTC 2020: 
 sudoku.c | 17 ++++++++++++++---
 1 file changed, 14 insertions(+), 3 deletions(-)
In file included from test.c:5:0:
sudoku.c: In function ‘DFS’:
sudoku.c:65:11: error: implicit declaration of function ‘size’ [-Werror=implicit-function-declaration]
    while (size(S) != 0){
           ^~~~
sudoku.c:67:17: error: void value not ignored as it ought to be
       Node * n= pop(S); // es al reves
                 ^~~
sudoku.c:69:7: error: expected ‘;’ before ‘if’
       if (n.finalS == true) return n;
       ^~
sudoku.c:71:8: error: unused variable ‘adj’ [-Werror=unused-variable]
 List * adj = get_adj_nodes(n);
        ^~~
test.c:245:5: error: ‘main’ is normally a non-static function [-Werror=main]
 int main( int argc, char *argv[] ) {
     ^~~~
test.c:262:1: error: expected declaration or statement at end of input
 }
 ^
test.c:262:1: error: control reaches end of non-void function [-Werror=return-type]
 }
 ^
At top level:
test.c:245:5: error: ‘main’ defined but not used [-Werror=unused-function]
 int main( int argc, char *argv[] ) {
     ^~~~
test.c:7:8: error: ‘_strdup’ defined but not used [-Werror=unused-function]
 char * _strdup(const char * str) {
        ^~~~~~~
cc1: all warnings being treated as errors
Compilation failed
Sat Oct 17 20:07:31 UTC 2020: 
 sudoku.c | 17 ++++++++++++++---
 1 file changed, 14 insertions(+), 3 deletions(-)
In file included from test.c:5:0:
sudoku.c: In function ‘DFS’:
sudoku.c:65:11: error: implicit declaration of function ‘size’ [-Werror=implicit-function-declaration]
    while (size(S) != 0){
           ^~~~
sudoku.c:67:17: error: void value not ignored as it ought to be
       Node * n= pop(S); // es al reves
                 ^~~
sudoku.c:69:7: error: expected ‘;’ before ‘if’
       if (n.finalS == true) return n;
       ^~
sudoku.c:71:8: error: unused variable ‘adj’ [-Werror=unused-variable]
 List * adj = get_adj_nodes(n);
        ^~~
test.c:245:5: error: ‘main’ is normally a non-static function [-Werror=main]
 int main( int argc, char *argv[] ) {
     ^~~~
test.c:262:1: error: expected declaration or statement at end of input
 }
 ^
test.c:262:1: error: control reaches end of non-void function [-Werror=return-type]
 }
 ^
At top level:
test.c:245:5: error: ‘main’ defined but not used [-Werror=unused-function]
 int main( int argc, char *argv[] ) {
     ^~~~
test.c:7:8: error: ‘_strdup’ defined but not used [-Werror=unused-function]
 char * _strdup(const char * str) {
        ^~~~~~~
cc1: all warnings being treated as errors
Compilation failed
Sat Oct 17 20:14:44 UTC 2020: 
 sudoku.c | 19 +++++++++++++++----
 1 file changed, 15 insertions(+), 4 deletions(-)
In file included from test.c:5:0:
sudoku.c: In function ‘DFS’:
sudoku.c:74:1: error: control reaches end of non-void function [-Werror=return-type]
 }
 ^
cc1: all warnings being treated as errors
Compilation failed
Sat Oct 17 20:15:02 UTC 2020: 
 sudoku.c | 21 ++++++++++++++++-----
 1 file changed, 16 insertions(+), 5 deletions(-)
test.c: In function ‘DFS’:
test.c:245:5: error: ‘main’ is normally a non-static function [-Werror=main]
 int main( int argc, char *argv[] ) {
     ^~~~
test.c:262:1: error: expected declaration or statement at end of input
 }
 ^
test.c:262:1: error: control reaches end of non-void function [-Werror=return-type]
 }
 ^
At top level:
test.c:245:5: error: ‘main’ defined but not used [-Werror=unused-function]
 int main( int argc, char *argv[] ) {
     ^~~~
test.c:7:8: error: ‘_strdup’ defined but not used [-Werror=unused-function]
 char * _strdup(const char * str) {
        ^~~~~~~
cc1: all warnings being treated as errors
Compilation failed
Sat Oct 17 20:16:17 UTC 2020: 
 sudoku.c | 21 ++++++++++++++++-----
 1 file changed, 16 insertions(+), 5 deletions(-)
test.c: In function ‘test_dfs’:
test.c:206:19: error: implicit declaration of function ‘DFS’ [-Werror=implicit-function-declaration]
     Node* final = DFS(initial, &cont);
                   ^~~
test.c:206:19: error: initialization makes pointer from integer without a cast [-Werror=int-conversion]
test.c:230:11: error: assignment makes pointer from integer without a cast [-Werror=int-conversion]
     final = DFS(initial, &cont);
           ^
cc1: all warnings being treated as errors
Compilation failed
Sat Oct 17 20:18:09 UTC 2020: 
 sudoku.c | 21 ++++++++++++++++-----
 1 file changed, 16 insertions(+), 5 deletions(-)
test.c: In function ‘DFS’:
test.c:245:5: error: ‘main’ is normally a non-static function [-Werror=main]
 int main( int argc, char *argv[] ) {
     ^~~~
test.c:262:1: error: expected declaration or statement at end of input
 }
 ^
test.c:262:1: error: control reaches end of non-void function [-Werror=return-type]
 }
 ^
At top level:
test.c:245:5: error: ‘main’ defined but not used [-Werror=unused-function]
 int main( int argc, char *argv[] ) {
     ^~~~
test.c:7:8: error: ‘_strdup’ defined but not used [-Werror=unused-function]
 char * _strdup(const char * str) {
        ^~~~~~~
cc1: all warnings being treated as errors
Compilation failed
Sat Oct 17 20:26:06 UTC 2020: 
 sudoku.c | 20 ++++++++++++++++----
 1 file changed, 16 insertions(+), 4 deletions(-)
In file included from test.c:5:0:
sudoku.c: In function ‘DFS’:
sudoku.c:62:1: error: control reaches end of non-void function [-Werror=return-type]
 }
 ^
cc1: all warnings being treated as errors
Compilation failed
Sat Oct 17 20:26:29 UTC 2020: 
 sudoku.c | 21 +++++++++++++++++----
 1 file changed, 17 insertions(+), 4 deletions(-)
In file included from test.c:5:0:
sudoku.c: In function ‘DFS’:
sudoku.c:63:1: error: control reaches end of non-void function [-Werror=return-type]
 }
 ^
cc1: all warnings being treated as errors
Compilation failed
Sat Oct 17 20:26:40 UTC 2020: 
 sudoku.c | 19 ++++++++++++++++---
 1 file changed, 16 insertions(+), 3 deletions(-)
 tests:  0|5
total_score: 0/70
9c31bf3
Sun Oct 18 19:31:35 UTC 2020: 
 sudoku.c | 10 ++++++++++
 1 file changed, 10 insertions(+)
 tests:  0|5
total_score: 0/70
bec9ffc
Sun Oct 18 19:40:11 UTC 2020: 
 sudoku.c | 11 +++++++----
 1 file changed, 7 insertions(+), 4 deletions(-)
 tests:  2|4
total_score: 15/70
6210338
Sun Oct 18 20:51:52 UTC 2020: 
 sudoku.c | 30 ++++++++++++++++++++----------
 1 file changed, 20 insertions(+), 10 deletions(-)
 tests:  2|4
total_score: 15/70
0a80b76
